# JRE version: OpenJDK Runtime Environment Microsoft-11926163 (17.0.16+8) (build 17.0.16+8-LTS)
# Java VM: OpenJDK 64-Bit Server VM Microsoft-11926163 (17.0.16+8-LTS, mixed mode, emulated-client, sharing, tiered, compressed oops, compressed class ptrs, g1 gc, windows-amd64)
GC Precious Log:
 CPUs: 16 total, 16 available
 Memory: 15789M
 Large Page Support: Disabled
 NUMA Support: Disabled
 Compressed Oops: Enabled (Zero based)
 Heap Region Size: 2M
 Heap Min Capacity: 8M
 Heap Initial Capacity: 248M
 Heap Max Capacity: 3948M
 Pre-touch: Disabled
 Parallel Workers: 13
 Concurrent Workers: 3
 Concurrent Refinement Workers: 13
 Periodic GC: Disabled
Heap:
 garbage-first heap   total 90112K, used 71688K [0x0000000709400000, 0x0000000800000000)
  region size 2048K, 24 young (49152K), 1 survivors (2048K)
 Metaspace       used 52020K, committed 52544K, reserved 1114112K
  class space    used 7300K, committed 7552K, reserved 1048576K
GC Heap History (20 events):
Event: 32816.946 GC heap before
{Heap before GC invocations=29 (full 0):
 garbage-first heap   total 90112K, used 73731K [0x0000000709400000, 0x0000000800000000)
  region size 2048K, 24 young (49152K), 1 survivors (2048K)
 Metaspace       used 52020K, committed 52544K, reserved 1114112K
  class space    used 7300K, committed 7552K, reserved 1048576K
}
Event: 32816.951 GC heap after
{Heap after GC invocations=30 (full 0):
 garbage-first heap   total 90112K, used 26630K [0x0000000709400000, 0x0000000800000000)
  region size 2048K, 1 young (2048K), 1 survivors (2048K)
 Metaspace       used 52020K, committed 52544K, reserved 1114112K
  class space    used 7300K, committed 7552K, reserved 1048576K
}
Event: 34563.756 GC heap before
{Heap before GC invocations=30 (full 0):
 garbage-first heap   total 90112K, used 73734K [0x0000000709400000, 0x0000000800000000)
  region size 2048K, 24 young (49152K), 1 survivors (2048K)
 Metaspace       used 52020K, committed 52544K, reserved 1114112K
  class space    used 7300K, committed 7552K, reserved 1048576K
}
Event: 34563.761 GC heap after
{Heap after GC invocations=31 (full 0):
 garbage-first heap   total 90112K, used 26621K [0x0000000709400000, 0x0000000800000000)
  region size 2048K, 1 young (2048K), 1 survivors (2048K)
 Metaspace       used 52020K, committed 52544K, reserved 1114112K
  class space    used 7300K, committed 7552K, reserved 1048576K
}
Event: 36305.668 GC heap before
{Heap before GC invocations=31 (full 0):
 garbage-first heap   total 90112K, used 73725K [0x0000000709400000, 0x0000000800000000)
  region size 2048K, 24 young (49152K), 1 survivors (2048K)
 Metaspace       used 52020K, committed 52544K, reserved 1114112K
  class space    used 7300K, committed 7552K, reserved 1048576K
}
Event: 36305.675 GC heap after
{Heap after GC invocations=32 (full 0):
 garbage-first heap   total 90112K, used 26619K [0x0000000709400000, 0x0000000800000000)
  region size 2048K, 1 young (2048K), 1 survivors (2048K)
 Metaspace       used 52020K, committed 52544K, reserved 1114112K
  class space    used 7300K, committed 7552K, reserved 1048576K
}
Event: 38033.992 GC heap before
{Heap before GC invocations=32 (full 0):
 garbage-first heap   total 90112K, used 73723K [0x0000000709400000, 0x0000000800000000)
  region size 2048K, 24 young (49152K), 1 survivors (2048K)
 Metaspace       used 52020K, committed 52544K, reserved 1114112K
  class space    used 7300K, committed 7552K, reserved 1048576K
}
Event: 38033.993 GC heap after
{Heap after GC invocations=33 (full 0):
 garbage-first heap   total 90112K, used 26621K [0x0000000709400000, 0x0000000800000000)
  region size 2048K, 1 young (2048K), 1 survivors (2048K)
 Metaspace       used 52020K, committed 52544K, reserved 1114112K
  class space    used 7300K, committed 7552K, reserved 1048576K
}
Event: 39708.223 GC heap before
{Heap before GC invocations=33 (full 0):
 garbage-first heap   total 90112K, used 73725K [0x0000000709400000, 0x0000000800000000)
  region size 2048K, 24 young (49152K), 1 survivors (2048K)
 Metaspace       used 52020K, committed 52544K, reserved 1114112K
  class space    used 7300K, committed 7552K, reserved 1048576K
}
Event: 39708.224 GC heap after
{Heap after GC invocations=34 (full 0):
 garbage-first heap   total 90112K, used 26623K [0x0000000709400000, 0x0000000800000000)
  region size 2048K, 1 young (2048K), 1 survivors (2048K)
 Metaspace       used 52020K, committed 52544K, reserved 1114112K
  class space    used 7300K, committed 7552K, reserved 1048576K
}
Event: 41446.674 GC heap before
{Heap before GC invocations=34 (full 0):
 garbage-first heap   total 90112K, used 73727K [0x0000000709400000, 0x0000000800000000)
  region size 2048K, 24 young (49152K), 1 survivors (2048K)
 Metaspace       used 52020K, committed 52544K, reserved 1114112K
  class space    used 7300K, committed 7552K, reserved 1048576K
}
Event: 41446.681 GC heap after
{Heap after GC invocations=35 (full 0):
 garbage-first heap   total 90112K, used 26636K [0x0000000709400000, 0x0000000800000000)
  region size 2048K, 1 young (2048K), 1 survivors (2048K)
 Metaspace       used 52020K, committed 52544K, reserved 1114112K
  class space    used 7300K, committed 7552K, reserved 1048576K
}
Event: 43187.101 GC heap before
{Heap before GC invocations=35 (full 0):
 garbage-first heap   total 90112K, used 73740K [0x0000000709400000, 0x0000000800000000)
  region size 2048K, 24 young (49152K), 1 survivors (2048K)
 Metaspace       used 52020K, committed 52544K, reserved 1114112K
  class space    used 7300K, committed 7552K, reserved 1048576K
}
Event: 43187.117 GC heap after
{Heap after GC invocations=36 (full 0):
 garbage-first heap   total 90112K, used 26659K [0x0000000709400000, 0x0000000800000000)
  region size 2048K, 1 young (2048K), 1 survivors (2048K)
 Metaspace       used 52020K, committed 52544K, reserved 1114112K
  class space    used 7300K, committed 7552K, reserved 1048576K
}
Event: 44926.963 GC heap before
{Heap before GC invocations=36 (full 0):
 garbage-first heap   total 90112K, used 73763K [0x0000000709400000, 0x0000000800000000)
  region size 2048K, 24 young (49152K), 1 survivors (2048K)
 Metaspace       used 52020K, committed 52544K, reserved 1114112K
  class space    used 7300K, committed 7552K, reserved 1048576K
}
Event: 44926.968 GC heap after
{Heap after GC invocations=37 (full 0):
 garbage-first heap   total 90112K, used 26631K [0x0000000709400000, 0x0000000800000000)
  region size 2048K, 1 young (2048K), 1 survivors (2048K)
 Metaspace       used 52020K, committed 52544K, reserved 1114112K
  class space    used 7300K, committed 7552K, reserved 1048576K
}
Event: 46665.306 GC heap before
{Heap before GC invocations=37 (full 0):
 garbage-first heap   total 90112K, used 73735K [0x0000000709400000, 0x0000000800000000)
  region size 2048K, 24 young (49152K), 1 survivors (2048K)
 Metaspace       used 52020K, committed 52544K, reserved 1114112K
  class space    used 7300K, committed 7552K, reserved 1048576K
}
Event: 46665.307 GC heap after
{Heap after GC invocations=38 (full 0):
 garbage-first heap   total 90112K, used 26632K [0x0000000709400000, 0x0000000800000000)
  region size 2048K, 1 young (2048K), 1 survivors (2048K)
 Metaspace       used 52020K, committed 52544K, reserved 1114112K
  class space    used 7300K, committed 7552K, reserved 1048576K
}
Event: 48398.601 GC heap before
{Heap before GC invocations=38 (full 0):
 garbage-first heap   total 90112K, used 73736K [0x0000000709400000, 0x0000000800000000)
  region size 2048K, 24 young (49152K), 1 survivors (2048K)
 Metaspace       used 52020K, committed 52544K, reserved 1114112K
  class space    used 7300K, committed 7552K, reserved 1048576K
}
Event: 48398.602 GC heap after
{Heap after GC invocations=39 (full 0):
 garbage-first heap   total 90112K, used 26632K [0x0000000709400000, 0x0000000800000000)
  region size 2048K, 1 young (2048K), 1 survivors (2048K)
 Metaspace       used 52020K, committed 52544K, reserved 1114112K
  class space    used 7300K, committed 7552K, reserved 1048576K
}

